0 info it worked if it ends with ok
1 verbose cli [ '/usr/bin/nodejs', '/usr/bin/npm', 'start' ]
2 info using npm@1.4.21
3 info using node@v4.3.1
4 verbose run-script [ 'prestart', 'start', 'poststart' ]
5 info prestart BioNode@0.0.2
6 info start BioNode@0.0.2
7 verbose unsafe-perm in lifecycle true
8 info BioNode@0.0.2 Failed to exec start script
9 error BioNode@0.0.2 start: `node ./bin/www`
9 error Exit status 127
10 error Failed at the BioNode@0.0.2 start script.
10 error This is most likely a problem with the BioNode package,
10 error not with npm itself.
10 error Tell the author that this fails on your system:
10 error     node ./bin/www
10 error You can get their info via:
10 error     npm owner ls BioNode
10 error There is likely additional logging output above.
11 error System Linux 4.2.0-23-generic
12 error command "/usr/bin/nodejs" "/usr/bin/npm" "start"
13 error cwd /bionode
14 error node -v v4.3.1
15 error npm -v 1.4.21
16 error code ELIFECYCLE
17 verbose exit [ 1, true ]
